<?xml version="1.0" encoding="UTF-8"?>
<coverage generated="1526612445224" clover="3.2.0">
  <project timestamp="1526612445224" name="All files">
    <metrics statements="15" coveredstatements="15" conditionals="10" coveredconditionals="10" methods="3" coveredmethods="3" elements="28" coveredelements="28" complexity="0" loc="15" ncloc="15" packages="1" files="2" classes="2">
      <file name="arithmetic.js" path="C:\Users\Phillip\codefellows\401\lab\01-node-ecosystem\lab-phil\lib\arithmetic.js">
        <metrics statements="11" coveredstatements="11" conditionals="8" coveredconditionals="8" methods="2" coveredmethods="2"/>
        <line num="1" count="1" type="stmt"/>
        <line num="3" count="1" type="stmt"/>
        <line num="5" count="2" type="cond" truecount="4" falsecount="0"/>
        <line num="6" count="1" type="stmt"/>
        <line num="8" count="1" type="stmt"/>
        <line num="9" count="1" type="stmt"/>
        <line num="12" count="1" type="stmt"/>
        <line num="14" count="2" type="cond" truecount="4" falsecount="0"/>
        <line num="15" count="1" type="stmt"/>
        <line num="17" count="1" type="stmt"/>
        <line num="18" count="1" type="stmt"/>
      </file>
      <file name="greet.js" path="C:\Users\Phillip\codefellows\401\lab\01-node-ecosystem\lab-phil\lib\greet.js">
        <metrics statements="4" coveredstatements="4" conditionals="2" coveredconditionals="2" methods="1" coveredmethods="1"/>
        <line num="3" count="2" type="cond" truecount="2" falsecount="0"/>
        <line num="4" count="1" type="stmt"/>
        <line num="6" count="1" type="stmt"/>
        <line num="9" count="1" type="stmt"/>
      </file>
    </metrics>
  </project>
</coverage>
