TN:
SF:C:\Users\Phillip\codefellows\401\lab\01-node-ecosystem\lab-phil\lib\arithmetic.js
FN:3,(anonymous_0)
FN:12,(anonymous_1)
FNF:2
FNH:2
FNDA:2,(anonymous_0)
FNDA:2,(anonymous_1)
DA:1,1
DA:3,1
DA:5,2
DA:6,1
DA:8,1
DA:9,1
DA:12,1
DA:14,2
DA:15,1
DA:17,1
DA:18,1
LF:11
LH:11
BRDA:5,0,0,1
BRDA:5,0,1,1
BRDA:5,1,0,2
BRDA:5,1,1,1
BRDA:14,2,0,1
BRDA:14,2,1,1
BRDA:14,3,0,2
BRDA:14,3,1,1
BRF:8
BRH:8
end_of_record
TN:
SF:C:\Users\Phillip\codefellows\401\lab\01-node-ecosystem\lab-phil\lib\greet.js
FN:1,greet
FNF:1
FNH:1
FNDA:2,greet
DA:3,2
DA:4,1
DA:6,1
DA:9,1
LF:4
LH:4
BRDA:3,0,0,1
BRDA:3,0,1,1
BRF:2
BRH:2
end_of_record
